{
  "stats": {
    "suites": 1,
    "tests": 4,
    "passes": 1,
    "pending": 0,
    "failures": 3,
    "start": "2017-05-03T21:18:50.092Z",
    "end": "2017-05-03T21:18:54.656Z",
    "duration": 4564,
    "testsRegistered": 4,
    "passPercent": 25,
    "pendingPercent": 0,
    "other": 0,
    "hasOther": false,
    "skipped": 0,
    "hasSkipped": false,
    "passPercentClass": "danger",
    "pendingPercentClass": "danger"
  },
  "suites": {
    "title": "",
    "suites": [
      {
        "title": "Events API unit tests",
        "suites": [],
        "tests": [
          {
            "title": "should return collection of JSON documents",
            "fullTitle": "Events API unit tests should return collection of JSON documents",
            "timedOut": false,
            "duration": 2195,
            "state": "passed",
            "speed": "slow",
            "pass": true,
            "fail": false,
            "pending": false,
            "code": "// calling home page api\n    (0, _supertest2.default)(_server.server).get(\"/api/events\").expect(\"Content-type\", /json/).expect(200) // THis is HTTP response\n    .end(function (err, res) {\n      // HTTP status should be 200\n      res.status.should.equal(200);\n      done();\n    });",
            "err": {},
            "isRoot": false,
            "uuid": "4a76491b-31cc-4b54-a669-4c4b1c764d68",
            "parentUUID": "2f4348cb-5547-432d-b7f7-0ecd9b9c8ec1",
            "skipped": false
          },
          {
            "title": "should add a contact",
            "fullTitle": "Events API unit tests should add a contact",
            "timedOut": false,
            "duration": 0,
            "state": "failed",
            "pass": false,
            "fail": true,
            "pending": false,
            "code": "// post to /api/events\n    // calling home page api\n    (0, _supertest2.default)(_server.server).post('/api/events').send({ name: \"Contact 99\", address: \"123 Strand St\" }).expect(\"Content-type\", /json/).expect(201).end(function (err, res) {\n      res.status.should.equal(201);\n      res.body.contact.should.have.property('_id');\n      res.body.contact.name.should.equal('Contact 99');\n      done();\n    });",
            "err": {
              "uncaught": true,
              "estack": "TypeError: Cannot read property 'should' of undefined\n    at Test.<anonymous> (C:/EWD/ewd-assignment2/test/testEventsApi.js:38:7)\n    at Test.assert (node_modules\\supertest\\lib\\test.js:179:6)\n    at Server.assert (node_modules\\supertest\\lib\\test.js:131:12)\n    at emitCloseNT (net.js:1555:8)\n    at _combinedTickCallback (internal/process/next_tick.js:71:11)\n    at process._tickCallback (internal/process/next_tick.js:98:9)"
            },
            "isRoot": false,
            "uuid": "3534f88a-7735-4e1d-a487-1dbf854b5ce9",
            "parentUUID": "2f4348cb-5547-432d-b7f7-0ecd9b9c8ec1",
            "skipped": false
          },
          {
            "title": "should add and delete contact 999",
            "fullTitle": "Events API unit tests should add and delete contact 999",
            "timedOut": false,
            "duration": 0,
            "state": "failed",
            "pass": false,
            "fail": true,
            "pending": false,
            "code": "// post to /api/events\n// calling home page api\nvar superserver = (0, _supertest2.default)(_server.server);\nsuperserver.get(\"/api/events\").expect(\"Content-type\", /json/).expect(200) // THis is HTTP response\n.end(function (err, res) {\n  var id = res.body[0]._id;\n  superserver.put(\"/api/events/\" + id).send({ name: \"Contact 999\", address: \"456 Strand St\" }).expect(\"Content-type\", /json/).expect(200) // THis is HTTP response\n  .end(function (err, res) {\n    superserver.delete(\"/api/events/\" + id).expect(\"Content-type\", /json/).expect(200) // THis is HTTP response\n    .end(function (err, res) {\n      res.body._id.should.equal(id);\n      res.body.name.should.equal(\"Contact 999\");\n      done();\n    });\n  });\n});",
            "err": {
              "uncaught": true,
              "estack": "TypeError: Cannot read property '_id' of undefined\n    at Test.<anonymous> (C:/EWD/ewd-assignment2/test/testEventsApi.js:53:20)\n    at Test.assert (node_modules\\supertest\\lib\\test.js:179:6)\n    at Server.assert (node_modules\\supertest\\lib\\test.js:131:12)\n    at emitCloseNT (net.js:1555:8)\n    at _combinedTickCallback (internal/process/next_tick.js:71:11)\n    at process._tickCallback (internal/process/next_tick.js:98:9)"
            },
            "isRoot": false,
            "uuid": "485fb156-e94f-476b-a798-df73483fa455",
            "parentUUID": "2f4348cb-5547-432d-b7f7-0ecd9b9c8ec1",
            "skipped": false
          },
          {
            "title": "should delete event",
            "fullTitle": "Events API unit tests should delete event",
            "timedOut": false,
            "duration": 0,
            "state": "failed",
            "pass": false,
            "fail": true,
            "pending": false,
            "code": "// post to /api/events\n// calling home page api\nvar superserver = (0, _supertest2.default)(_server.server);\nsuperserver.get(\"/api/events\").expect(\"Content-type\", /json/).expect(200) // THis is HTTP response\n.end(function (err, res) {\n  var id = res.body[0]._id;\n  superserver.delete(\"/api/events/\" + id).expect(\"Content-type\", /json/).expect(200) // THis is HTTP response\n  .end(function (err, res) {\n    res.body._id.should.equal(id);\n    res.body.should.have.property(\"eventName\");\n    done();\n  });\n});",
            "err": {
              "uncaught": true,
              "estack": "TypeError: Cannot read property '_id' of undefined\n    at Test.<anonymous> (C:/EWD/ewd-assignment2/test/testEventsApi.js:84:22)\n    at Test.assert (node_modules\\supertest\\lib\\test.js:179:6)\n    at Server.assert (node_modules\\supertest\\lib\\test.js:131:12)\n    at emitCloseNT (net.js:1555:8)\n    at _combinedTickCallback (internal/process/next_tick.js:71:11)\n    at process._tickCallback (internal/process/next_tick.js:98:9)"
            },
            "isRoot": false,
            "uuid": "78ed482a-5292-44d0-8079-5968d14215a5",
            "parentUUID": "2f4348cb-5547-432d-b7f7-0ecd9b9c8ec1",
            "skipped": false
          }
        ],
        "pending": [],
        "root": false,
        "_timeout": 120000,
        "file": "\\test\\testEventsApi.js",
        "uuid": "2f4348cb-5547-432d-b7f7-0ecd9b9c8ec1",
        "fullFile": "C:\\EWD\\ewd-assignment2\\test\\testEventsApi.js",
        "passes": [
          {
            "title": "should return collection of JSON documents",
            "fullTitle": "Events API unit tests should return collection of JSON documents",
            "timedOut": false,
            "duration": 2195,
            "state": "passed",
            "speed": "slow",
            "pass": true,
            "fail": false,
            "pending": false,
            "code": "// calling home page api\n    (0, _supertest2.default)(_server.server).get(\"/api/events\").expect(\"Content-type\", /json/).expect(200) // THis is HTTP response\n    .end(function (err, res) {\n      // HTTP status should be 200\n      res.status.should.equal(200);\n      done();\n    });",
            "err": {},
            "isRoot": false,
            "uuid": "4a76491b-31cc-4b54-a669-4c4b1c764d68",
            "parentUUID": "2f4348cb-5547-432d-b7f7-0ecd9b9c8ec1",
            "skipped": false
          }
        ],
        "failures": [
          {
            "title": "should add a contact",
            "fullTitle": "Events API unit tests should add a contact",
            "timedOut": false,
            "duration": 0,
            "state": "failed",
            "pass": false,
            "fail": true,
            "pending": false,
            "code": "// post to /api/events\n    // calling home page api\n    (0, _supertest2.default)(_server.server).post('/api/events').send({ name: \"Contact 99\", address: \"123 Strand St\" }).expect(\"Content-type\", /json/).expect(201).end(function (err, res) {\n      res.status.should.equal(201);\n      res.body.contact.should.have.property('_id');\n      res.body.contact.name.should.equal('Contact 99');\n      done();\n    });",
            "err": {
              "uncaught": true,
              "estack": "TypeError: Cannot read property 'should' of undefined\n    at Test.<anonymous> (C:/EWD/ewd-assignment2/test/testEventsApi.js:38:7)\n    at Test.assert (node_modules\\supertest\\lib\\test.js:179:6)\n    at Server.assert (node_modules\\supertest\\lib\\test.js:131:12)\n    at emitCloseNT (net.js:1555:8)\n    at _combinedTickCallback (internal/process/next_tick.js:71:11)\n    at process._tickCallback (internal/process/next_tick.js:98:9)"
            },
            "isRoot": false,
            "uuid": "3534f88a-7735-4e1d-a487-1dbf854b5ce9",
            "parentUUID": "2f4348cb-5547-432d-b7f7-0ecd9b9c8ec1",
            "skipped": false
          },
          {
            "title": "should add and delete contact 999",
            "fullTitle": "Events API unit tests should add and delete contact 999",
            "timedOut": false,
            "duration": 0,
            "state": "failed",
            "pass": false,
            "fail": true,
            "pending": false,
            "code": "// post to /api/events\n// calling home page api\nvar superserver = (0, _supertest2.default)(_server.server);\nsuperserver.get(\"/api/events\").expect(\"Content-type\", /json/).expect(200) // THis is HTTP response\n.end(function (err, res) {\n  var id = res.body[0]._id;\n  superserver.put(\"/api/events/\" + id).send({ name: \"Contact 999\", address: \"456 Strand St\" }).expect(\"Content-type\", /json/).expect(200) // THis is HTTP response\n  .end(function (err, res) {\n    superserver.delete(\"/api/events/\" + id).expect(\"Content-type\", /json/).expect(200) // THis is HTTP response\n    .end(function (err, res) {\n      res.body._id.should.equal(id);\n      res.body.name.should.equal(\"Contact 999\");\n      done();\n    });\n  });\n});",
            "err": {
              "uncaught": true,
              "estack": "TypeError: Cannot read property '_id' of undefined\n    at Test.<anonymous> (C:/EWD/ewd-assignment2/test/testEventsApi.js:53:20)\n    at Test.assert (node_modules\\supertest\\lib\\test.js:179:6)\n    at Server.assert (node_modules\\supertest\\lib\\test.js:131:12)\n    at emitCloseNT (net.js:1555:8)\n    at _combinedTickCallback (internal/process/next_tick.js:71:11)\n    at process._tickCallback (internal/process/next_tick.js:98:9)"
            },
            "isRoot": false,
            "uuid": "485fb156-e94f-476b-a798-df73483fa455",
            "parentUUID": "2f4348cb-5547-432d-b7f7-0ecd9b9c8ec1",
            "skipped": false
          },
          {
            "title": "should delete event",
            "fullTitle": "Events API unit tests should delete event",
            "timedOut": false,
            "duration": 0,
            "state": "failed",
            "pass": false,
            "fail": true,
            "pending": false,
            "code": "// post to /api/events\n// calling home page api\nvar superserver = (0, _supertest2.default)(_server.server);\nsuperserver.get(\"/api/events\").expect(\"Content-type\", /json/).expect(200) // THis is HTTP response\n.end(function (err, res) {\n  var id = res.body[0]._id;\n  superserver.delete(\"/api/events/\" + id).expect(\"Content-type\", /json/).expect(200) // THis is HTTP response\n  .end(function (err, res) {\n    res.body._id.should.equal(id);\n    res.body.should.have.property(\"eventName\");\n    done();\n  });\n});",
            "err": {
              "uncaught": true,
              "estack": "TypeError: Cannot read property '_id' of undefined\n    at Test.<anonymous> (C:/EWD/ewd-assignment2/test/testEventsApi.js:84:22)\n    at Test.assert (node_modules\\supertest\\lib\\test.js:179:6)\n    at Server.assert (node_modules\\supertest\\lib\\test.js:131:12)\n    at emitCloseNT (net.js:1555:8)\n    at _combinedTickCallback (internal/process/next_tick.js:71:11)\n    at process._tickCallback (internal/process/next_tick.js:98:9)"
            },
            "isRoot": false,
            "uuid": "78ed482a-5292-44d0-8079-5968d14215a5",
            "parentUUID": "2f4348cb-5547-432d-b7f7-0ecd9b9c8ec1",
            "skipped": false
          }
        ],
        "skipped": [],
        "hasTests": true,
        "hasSuites": false,
        "totalTests": 4,
        "totalPasses": 1,
        "totalFailures": 3,
        "totalPending": 0,
        "totalSkipped": 0,
        "hasPasses": true,
        "hasFailures": true,
        "hasPending": false,
        "hasSkipped": false,
        "duration": 2195,
        "rootEmpty": false
      }
    ],
    "tests": [],
    "pending": [],
    "root": true,
    "_timeout": 2000,
    "uuid": "7479bc19-3827-4379-9018-d160fcada5e5",
    "fullFile": "",
    "file": "",
    "passes": [],
    "failures": [],
    "skipped": [],
    "hasTests": false,
    "hasSuites": true,
    "totalTests": 0,
    "totalPasses": 0,
    "totalFailures": 0,
    "totalPending": 0,
    "totalSkipped": 0,
    "hasPasses": false,
    "hasFailures": false,
    "hasPending": false,
    "hasSkipped": false,
    "duration": 0,
    "rootEmpty": true
  },
  "allTests": [
    {
      "title": "should return collection of JSON documents",
      "fullTitle": "Events API unit tests should return collection of JSON documents",
      "timedOut": false,
      "duration": 2195,
      "state": "passed",
      "speed": "slow",
      "pass": true,
      "fail": false,
      "pending": false,
      "code": "// calling home page api\n    (0, _supertest2.default)(_server.server).get(\"/api/events\").expect(\"Content-type\", /json/).expect(200) // THis is HTTP response\n    .end(function (err, res) {\n      // HTTP status should be 200\n      res.status.should.equal(200);\n      done();\n    });",
      "err": {},
      "isRoot": false,
      "uuid": "4a76491b-31cc-4b54-a669-4c4b1c764d68",
      "parentUUID": "2f4348cb-5547-432d-b7f7-0ecd9b9c8ec1",
      "skipped": false
    },
    {
      "title": "should add a contact",
      "fullTitle": "Events API unit tests should add a contact",
      "timedOut": false,
      "duration": 0,
      "state": "failed",
      "pass": false,
      "fail": true,
      "pending": false,
      "code": "// post to /api/events\n    // calling home page api\n    (0, _supertest2.default)(_server.server).post('/api/events').send({ name: \"Contact 99\", address: \"123 Strand St\" }).expect(\"Content-type\", /json/).expect(201).end(function (err, res) {\n      res.status.should.equal(201);\n      res.body.contact.should.have.property('_id');\n      res.body.contact.name.should.equal('Contact 99');\n      done();\n    });",
      "err": {
        "uncaught": true,
        "estack": "TypeError: Cannot read property 'should' of undefined\n    at Test.<anonymous> (C:/EWD/ewd-assignment2/test/testEventsApi.js:38:7)\n    at Test.assert (node_modules\\supertest\\lib\\test.js:179:6)\n    at Server.assert (node_modules\\supertest\\lib\\test.js:131:12)\n    at emitCloseNT (net.js:1555:8)\n    at _combinedTickCallback (internal/process/next_tick.js:71:11)\n    at process._tickCallback (internal/process/next_tick.js:98:9)"
      },
      "isRoot": false,
      "uuid": "3534f88a-7735-4e1d-a487-1dbf854b5ce9",
      "parentUUID": "2f4348cb-5547-432d-b7f7-0ecd9b9c8ec1",
      "skipped": false
    },
    {
      "title": "should add and delete contact 999",
      "fullTitle": "Events API unit tests should add and delete contact 999",
      "timedOut": false,
      "duration": 0,
      "state": "failed",
      "pass": false,
      "fail": true,
      "pending": false,
      "code": "// post to /api/events\n// calling home page api\nvar superserver = (0, _supertest2.default)(_server.server);\nsuperserver.get(\"/api/events\").expect(\"Content-type\", /json/).expect(200) // THis is HTTP response\n.end(function (err, res) {\n  var id = res.body[0]._id;\n  superserver.put(\"/api/events/\" + id).send({ name: \"Contact 999\", address: \"456 Strand St\" }).expect(\"Content-type\", /json/).expect(200) // THis is HTTP response\n  .end(function (err, res) {\n    superserver.delete(\"/api/events/\" + id).expect(\"Content-type\", /json/).expect(200) // THis is HTTP response\n    .end(function (err, res) {\n      res.body._id.should.equal(id);\n      res.body.name.should.equal(\"Contact 999\");\n      done();\n    });\n  });\n});",
      "err": {
        "uncaught": true,
        "estack": "TypeError: Cannot read property '_id' of undefined\n    at Test.<anonymous> (C:/EWD/ewd-assignment2/test/testEventsApi.js:53:20)\n    at Test.assert (node_modules\\supertest\\lib\\test.js:179:6)\n    at Server.assert (node_modules\\supertest\\lib\\test.js:131:12)\n    at emitCloseNT (net.js:1555:8)\n    at _combinedTickCallback (internal/process/next_tick.js:71:11)\n    at process._tickCallback (internal/process/next_tick.js:98:9)"
      },
      "isRoot": false,
      "uuid": "485fb156-e94f-476b-a798-df73483fa455",
      "parentUUID": "2f4348cb-5547-432d-b7f7-0ecd9b9c8ec1",
      "skipped": false
    },
    {
      "title": "should delete event",
      "fullTitle": "Events API unit tests should delete event",
      "timedOut": false,
      "duration": 0,
      "state": "failed",
      "pass": false,
      "fail": true,
      "pending": false,
      "code": "// post to /api/events\n// calling home page api\nvar superserver = (0, _supertest2.default)(_server.server);\nsuperserver.get(\"/api/events\").expect(\"Content-type\", /json/).expect(200) // THis is HTTP response\n.end(function (err, res) {\n  var id = res.body[0]._id;\n  superserver.delete(\"/api/events/\" + id).expect(\"Content-type\", /json/).expect(200) // THis is HTTP response\n  .end(function (err, res) {\n    res.body._id.should.equal(id);\n    res.body.should.have.property(\"eventName\");\n    done();\n  });\n});",
      "err": {
        "uncaught": true,
        "estack": "TypeError: Cannot read property '_id' of undefined\n    at Test.<anonymous> (C:/EWD/ewd-assignment2/test/testEventsApi.js:84:22)\n    at Test.assert (node_modules\\supertest\\lib\\test.js:179:6)\n    at Server.assert (node_modules\\supertest\\lib\\test.js:131:12)\n    at emitCloseNT (net.js:1555:8)\n    at _combinedTickCallback (internal/process/next_tick.js:71:11)\n    at process._tickCallback (internal/process/next_tick.js:98:9)"
      },
      "isRoot": false,
      "uuid": "78ed482a-5292-44d0-8079-5968d14215a5",
      "parentUUID": "2f4348cb-5547-432d-b7f7-0ecd9b9c8ec1",
      "skipped": false
    }
  ],
  "allPending": [],
  "allPasses": [
    {
      "title": "should return collection of JSON documents",
      "fullTitle": "Events API unit tests should return collection of JSON documents",
      "timedOut": false,
      "duration": 2195,
      "state": "passed",
      "speed": "slow",
      "pass": true,
      "fail": false,
      "pending": false,
      "code": "// calling home page api\n    (0, _supertest2.default)(_server.server).get(\"/api/events\").expect(\"Content-type\", /json/).expect(200) // THis is HTTP response\n    .end(function (err, res) {\n      // HTTP status should be 200\n      res.status.should.equal(200);\n      done();\n    });",
      "err": {},
      "isRoot": false,
      "uuid": "4a76491b-31cc-4b54-a669-4c4b1c764d68",
      "parentUUID": "2f4348cb-5547-432d-b7f7-0ecd9b9c8ec1",
      "skipped": false
    }
  ],
  "allFailures": [
    {
      "title": "should add a contact",
      "fullTitle": "Events API unit tests should add a contact",
      "timedOut": false,
      "duration": 0,
      "state": "failed",
      "pass": false,
      "fail": true,
      "pending": false,
      "code": "// post to /api/events\n    // calling home page api\n    (0, _supertest2.default)(_server.server).post('/api/events').send({ name: \"Contact 99\", address: \"123 Strand St\" }).expect(\"Content-type\", /json/).expect(201).end(function (err, res) {\n      res.status.should.equal(201);\n      res.body.contact.should.have.property('_id');\n      res.body.contact.name.should.equal('Contact 99');\n      done();\n    });",
      "err": {
        "uncaught": true,
        "estack": "TypeError: Cannot read property 'should' of undefined\n    at Test.<anonymous> (C:/EWD/ewd-assignment2/test/testEventsApi.js:38:7)\n    at Test.assert (node_modules\\supertest\\lib\\test.js:179:6)\n    at Server.assert (node_modules\\supertest\\lib\\test.js:131:12)\n    at emitCloseNT (net.js:1555:8)\n    at _combinedTickCallback (internal/process/next_tick.js:71:11)\n    at process._tickCallback (internal/process/next_tick.js:98:9)"
      },
      "isRoot": false,
      "uuid": "3534f88a-7735-4e1d-a487-1dbf854b5ce9",
      "parentUUID": "2f4348cb-5547-432d-b7f7-0ecd9b9c8ec1",
      "skipped": false
    },
    {
      "title": "should add and delete contact 999",
      "fullTitle": "Events API unit tests should add and delete contact 999",
      "timedOut": false,
      "duration": 0,
      "state": "failed",
      "pass": false,
      "fail": true,
      "pending": false,
      "code": "// post to /api/events\n// calling home page api\nvar superserver = (0, _supertest2.default)(_server.server);\nsuperserver.get(\"/api/events\").expect(\"Content-type\", /json/).expect(200) // THis is HTTP response\n.end(function (err, res) {\n  var id = res.body[0]._id;\n  superserver.put(\"/api/events/\" + id).send({ name: \"Contact 999\", address: \"456 Strand St\" }).expect(\"Content-type\", /json/).expect(200) // THis is HTTP response\n  .end(function (err, res) {\n    superserver.delete(\"/api/events/\" + id).expect(\"Content-type\", /json/).expect(200) // THis is HTTP response\n    .end(function (err, res) {\n      res.body._id.should.equal(id);\n      res.body.name.should.equal(\"Contact 999\");\n      done();\n    });\n  });\n});",
      "err": {
        "uncaught": true,
        "estack": "TypeError: Cannot read property '_id' of undefined\n    at Test.<anonymous> (C:/EWD/ewd-assignment2/test/testEventsApi.js:53:20)\n    at Test.assert (node_modules\\supertest\\lib\\test.js:179:6)\n    at Server.assert (node_modules\\supertest\\lib\\test.js:131:12)\n    at emitCloseNT (net.js:1555:8)\n    at _combinedTickCallback (internal/process/next_tick.js:71:11)\n    at process._tickCallback (internal/process/next_tick.js:98:9)"
      },
      "isRoot": false,
      "uuid": "485fb156-e94f-476b-a798-df73483fa455",
      "parentUUID": "2f4348cb-5547-432d-b7f7-0ecd9b9c8ec1",
      "skipped": false
    },
    {
      "title": "should delete event",
      "fullTitle": "Events API unit tests should delete event",
      "timedOut": false,
      "duration": 0,
      "state": "failed",
      "pass": false,
      "fail": true,
      "pending": false,
      "code": "// post to /api/events\n// calling home page api\nvar superserver = (0, _supertest2.default)(_server.server);\nsuperserver.get(\"/api/events\").expect(\"Content-type\", /json/).expect(200) // THis is HTTP response\n.end(function (err, res) {\n  var id = res.body[0]._id;\n  superserver.delete(\"/api/events/\" + id).expect(\"Content-type\", /json/).expect(200) // THis is HTTP response\n  .end(function (err, res) {\n    res.body._id.should.equal(id);\n    res.body.should.have.property(\"eventName\");\n    done();\n  });\n});",
      "err": {
        "uncaught": true,
        "estack": "TypeError: Cannot read property '_id' of undefined\n    at Test.<anonymous> (C:/EWD/ewd-assignment2/test/testEventsApi.js:84:22)\n    at Test.assert (node_modules\\supertest\\lib\\test.js:179:6)\n    at Server.assert (node_modules\\supertest\\lib\\test.js:131:12)\n    at emitCloseNT (net.js:1555:8)\n    at _combinedTickCallback (internal/process/next_tick.js:71:11)\n    at process._tickCallback (internal/process/next_tick.js:98:9)"
      },
      "isRoot": false,
      "uuid": "78ed482a-5292-44d0-8079-5968d14215a5",
      "parentUUID": "2f4348cb-5547-432d-b7f7-0ecd9b9c8ec1",
      "skipped": false
    }
  ],
  "copyrightYear": 2017
}